  main.cpp
<<<<<<< HEAD
C:\Users\rvcar\OneDrive\Documentos\GitHub\CG\TP_Fase4\Build\main.cpp(213,8): warning C4834: discarding return value of function with 'nodiscard' attribute
C:\Users\rvcar\OneDrive\Documentos\GitHub\CG\TP_Fase4\Build\main.cpp(214,9): warning C4834: discarding return value of function with 'nodiscard' attribute
C:\Users\rvcar\OneDrive\Documentos\GitHub\CG\TP_Fase4\Build\main.cpp(215,11): warning C4834: discarding return value of function with 'nodiscard' attribute
C:\Users\rvcar\OneDrive\Documentos\GitHub\CG\TP_Fase4\Build\main.cpp(235,22): warning C4018: '<=': signed/unsigned mismatch
C:\Users\rvcar\OneDrive\Documentos\GitHub\CG\TP_Fase4\Build\main.cpp(666,16): warning C4566: character represented by universal-character-name '\uFFFD' cannot be represented in the current code page (1252)
C:\Users\rvcar\OneDrive\Documentos\GitHub\CG\TP_Fase4\Build\main.cpp(675,20): warning C4018: '<': signed/unsigned mismatch
C:\Users\rvcar\OneDrive\Documentos\GitHub\CG\TP_Fase4\Build\main.cpp(680,9): warning C4101: 'dir': unreferenced local variable
  class5.vcxproj -> C:\Users\rvcar\OneDrive\Documentos\GitHub\CG\TP_Fase4\Build\Debug\class5.exe
=======
C:\Users\asus\Documents\GitHub\CG\TP_Fase4\Build\main.cpp(213,8): warning C4834: discarding return value of function with 'nodiscard' attribute
C:\Users\asus\Documents\GitHub\CG\TP_Fase4\Build\main.cpp(214,9): warning C4834: discarding return value of function with 'nodiscard' attribute
C:\Users\asus\Documents\GitHub\CG\TP_Fase4\Build\main.cpp(215,11): warning C4834: discarding return value of function with 'nodiscard' attribute
C:\Users\asus\Documents\GitHub\CG\TP_Fase4\Build\main.cpp(235,22): warning C4018: '<=': signed/unsigned mismatch
C:\Users\asus\Documents\GitHub\CG\TP_Fase4\Build\main.cpp(666,16): warning C4566: character represented by universal-character-name '\uFFFD' cannot be represented in the current code page (1252)
C:\Users\asus\Documents\GitHub\CG\TP_Fase4\Build\main.cpp(675,20): warning C4018: '<': signed/unsigned mismatch
C:\Users\asus\Documents\GitHub\CG\TP_Fase4\Build\main.cpp(680,9): warning C4101: 'dir': unreferenced local variable
  class5.vcxproj -> C:\Users\asus\Documents\GitHub\CG\TP_Fase4\Build\Debug\class5.exe
>>>>>>> ed237c9dac23852d8798b72319053cba1a979f95
